2015-02-28 13:35:03.756 y[3566:128449] DiskCookieStorage changing policy from 2 to 0, cookie file: file:///Users/whfg/Library/Developer/CoreSimulator/Devices/CB8528C3-B607-47BC-828A-D8C8AACAEF11/data/Containers/Data/Application/ECAC5C8D-363E-4731-9B01-FCBEB0B2456C/Library/Cookies/Cookies.binarycookies
2015-02-28 13:35:03.906 y[3566:128449] Apache Cordova native platform version 3.7.0 is starting.
2015-02-28 13:35:03.906 y[3566:128449] Multi-tasking -> Device: YES, App: YES
2015-02-28 13:35:03.912 y[3566:128449] 

Started backup to iCloud! Please be careful.
Your application might be rejected by Apple if you store too much data.
For more information please read "iOS Data Storage Guidelines" at:
https://developer.apple.com/icloud/documentation/data-storage/
To disable web storage backup to iCloud, set the BackupWebStorage preference to "local" in the Cordova config.xml file

2015-02-28 13:35:04.933 y[3566:128449] Resetting plugins due to page load.
2015-02-28 13:35:05.275 y[3566:128449] Finished load of: file:///Users/whfg/Library/Developer/CoreSimulator/Devices/CB8528C3-B607-47BC-828A-D8C8AACAEF11/data/Containers/Bundle/Application/F2BA7CE6-C46D-44FB-816E-C75BBBA98887/y.app/www/index.html
2015-02-28 13:35:08.009 y[3566:128449] ERROR whitelist rejection: url='http://localhost:9292/jjjg.027xf.com/agency/show_by_name.json?utf8=%E2%9C%93&name=21'
2015-02-28 13:35:12.856 y[3566:128449] ERROR whitelist rejection: url='http://localhost:9292/jjjg.027xf.com/agency/show_by_name.json?utf8=%E2%9C%93&name=21'
2015-02-28 13:35:24.966 y[3566:128449] ERROR whitelist rejection: url='http://localhost:9292/jjjg.027xf.com/agency/show_by_name.json?utf8=%E2%9C%93&name=21'
2015-02-28 13:37:11.523 y[3760:129561] DiskCookieStorage changing policy from 2 to 0, cookie file: file:///Users/whfg/Library/Developer/CoreSimulator/Devices/CB8528C3-B607-47BC-828A-D8C8AACAEF11/data/Containers/Data/Application/B1FC309E-412B-4558-BCAF-BBF46E5CAA43/Library/Cookies/Cookies.binarycookies
2015-02-28 13:37:11.626 y[3760:129561] Apache Cordova native platform version 3.7.0 is starting.
2015-02-28 13:37:11.626 y[3760:129561] Multi-tasking -> Device: YES, App: YES
2015-02-28 13:37:11.632 y[3760:129561] 

Started backup to iCloud! Please be careful.
Your application might be rejected by Apple if you store too much data.
For more information please read "iOS Data Storage Guidelines" at:
https://developer.apple.com/icloud/documentation/data-storage/
To disable web storage backup to iCloud, set the BackupWebStorage preference to "local" in the Cordova config.xml file

2015-02-28 13:37:11.939 y[3760:129561] Resetting plugins due to page load.
2015-02-28 13:37:12.107 y[3760:129561] Finished load of: file:///Users/whfg/Library/Developer/CoreSimulator/Devices/CB8528C3-B607-47BC-828A-D8C8AACAEF11/data/Containers/Bundle/Application/4B4CF499-8BA6-41AD-B3F5-8E12FCA1E19E/y.app/www/index.html
2015-02-28 13:37:15.151 y[3760:129561] ERROR whitelist rejection: url='http://jjjg.027xf.com/agency/show_by_name.json?utf8=%E2%9C%93&name=21'
2015-02-28 13:37:26.015 y[3760:129561] ERROR whitelist rejection: url='http://jjjg.027xf.com/agency/show_by_name.json?utf8=%E2%9C%93&name=21'
2015-02-28 13:38:00.670 y[3760:129561] ERROR whitelist rejection: url='http://jjjg.027xf.com/agency/show_by_name.json?utf8=%E2%9C%93&name=2'
2015-02-28 13:38:13.340 y[3760:129561] ERROR whitelist rejection: url='http://jjjg.027xf.com/agency/show_by_name.json?utf8=%E2%9C%93&name=21'
2015-02-28 13:38:13.516 y[3760:129561] ERROR whitelist rejection: url='http://jjjg.027xf.com/agency/show_by_name.json?utf8=%E2%9C%93&name=21'
2015-02-28 13:38:13.686 y[3760:129561] ERROR whitelist rejection: url='http://jjjg.027xf.com/agency/show_by_name.json?utf8=%E2%9C%93&name=21'
2015-02-28 13:38:13.845 y[3760:129561] ERROR whitelist rejection: url='http://jjjg.027xf.com/agency/show_by_name.json?utf8=%E2%9C%93&name=21'
2015-02-28 13:38:14.011 y[3760:129561] ERROR whitelist rejection: url='http://jjjg.027xf.com/agency/show_by_name.json?utf8=%E2%9C%93&name=21'
2015-02-28 13:38:17.380 y[3760:129561] ERROR whitelist rejection: url='http://jjjg.027xf.com/agency/show_by_name.json?utf8=%E2%9C%93&name=21'
2015-02-28 13:38:17.549 y[3760:129561] ERROR whitelist rejection: url='http://jjjg.027xf.com/agency/show_by_name.json?utf8=%E2%9C%93&name=21'
2015-02-28 13:38:17.716 y[3760:129561] ERROR whitelist rejection: url='http://jjjg.027xf.com/agency/show_by_name.json?utf8=%E2%9C%93&name=21'
2015-02-28 13:38:27.749 y[3760:129561] ERROR whitelist rejection: url='http://jjjg.027xf.com/agency/show_by_name.json?utf8=%E2%9C%93&name=21'
2015-02-28 13:38:27.973 y[3760:129561] ERROR whitelist rejection: url='http://jjjg.027xf.com/agency/show_by_name.json?utf8=%E2%9C%93&name=21'
2015-02-28 13:38:28.125 y[3760:129561] ERROR whitelist rejection: url='http://jjjg.027xf.com/agency/show_by_name.json?utf8=%E2%9C%93&name=21'
2015-02-28 13:38:33.589 y[3760:129561] ERROR whitelist rejection: url='http://jjjg.027xf.com/agency/show_by_name.json?utf8=%E2%9C%93&name=21'
2015-02-28 13:38:33.758 y[3760:129561] ERROR whitelist rejection: url='http://jjjg.027xf.com/agency/show_by_name.json?utf8=%E2%9C%93&name=21'
2015-02-28 13:38:33.926 y[3760:129561] ERROR whitelist rejection: url='http://jjjg.027xf.com/agency/show_by_name.json?utf8=%E2%9C%93&name=21'
2015-02-28 13:39:30.180 y[3760:129561] ERROR whitelist rejection: url='http://jjjg.027xf.com/agency/show_by_name.json?utf8=%E2%9C%93&name=21'
2015-02-28 13:39:30.373 y[3760:129561] ERROR whitelist rejection: url='http://jjjg.027xf.com/agency/show_by_name.json?utf8=%E2%9C%93&name=21'
2015-02-28 13:39:30.530 y[3760:129561] ERROR whitelist rejection: url='http://jjjg.027xf.com/agency/show_by_name.json?utf8=%E2%9C%93&name=21'
2015-02-28 13:39:30.681 y[3760:129561] ERROR whitelist rejection: url='http://jjjg.027xf.com/agency/show_by_name.json?utf8=%E2%9C%93&name=21'
2015-02-28 13:39:45.835 y[3760:129561] ERROR whitelist rejection: url='http://jjjg.027xf.com/agency/show_by_name.json?utf8=%E2%9C%93&name=21'
2015-02-28 13:39:46.084 y[3760:129561] ERROR whitelist rejection: url='http://jjjg.027xf.com/agency/show_by_name.json?utf8=%E2%9C%93&name=21'
2015-02-28 13:39:46.244 y[3760:129561] ERROR whitelist rejection: url='http://jjjg.027xf.com/agency/show_by_name.json?utf8=%E2%9C%93&name=21'
2015-02-28 13:39:46.378 y[3760:129561] ERROR whitelist rejection: url='http://jjjg.027xf.com/agency/show_by_name.json?utf8=%E2%9C%93&name=21'
2015-02-28 13:41:41.439 y[3950:131383] DiskCookieStorage changing policy from 2 to 0, cookie file: file:///Users/whfg/Library/Developer/CoreSimulator/Devices/CB8528C3-B607-47BC-828A-D8C8AACAEF11/data/Containers/Data/Application/9FFD709A-849E-4464-A20F-12F5FDD9F873/Library/Cookies/Cookies.binarycookies
2015-02-28 13:41:41.536 y[3950:131383] Apache Cordova native platform version 3.7.0 is starting.
2015-02-28 13:41:41.537 y[3950:131383] Multi-tasking -> Device: YES, App: YES
2015-02-28 13:41:41.542 y[3950:131383] 

Started backup to iCloud! Please be careful.
Your application might be rejected by Apple if you store too much data.
For more information please read "iOS Data Storage Guidelines" at:
https://developer.apple.com/icloud/documentation/data-storage/
To disable web storage backup to iCloud, set the BackupWebStorage preference to "local" in the Cordova config.xml file

2015-02-28 13:41:41.813 y[3950:131383] Resetting plugins due to page load.
2015-02-28 13:41:41.999 y[3950:131383] Finished load of: file:///Users/whfg/Library/Developer/CoreSimulator/Devices/CB8528C3-B607-47BC-828A-D8C8AACAEF11/data/Containers/Bundle/Application/075CE691-D563-4A05-987F-6AE490B23587/y.app/www/index.html
2015-02-28 13:41:45.305 y[3950:131383] ERROR whitelist rejection: url='http://jjjg.027xf.com/agency/show_by_name.json?utf8=%E2%9C%93&name=21'
2015-02-28 13:43:14.890 y[4448:132706] DiskCookieStorage changing policy from 2 to 0, cookie file: file:///Users/whfg/Library/Developer/CoreSimulator/Devices/CB8528C3-B607-47BC-828A-D8C8AACAEF11/data/Containers/Data/Application/C0B40EF3-AE29-4EDC-B1EA-65C721CA4BAF/Library/Cookies/Cookies.binarycookies
2015-02-28 13:43:14.994 y[4448:132706] Apache Cordova native platform version 3.7.0 is starting.
2015-02-28 13:43:14.994 y[4448:132706] Multi-tasking -> Device: YES, App: YES
2015-02-28 13:43:15.000 y[4448:132706] 

Started backup to iCloud! Please be careful.
Your application might be rejected by Apple if you store too much data.
For more information please read "iOS Data Storage Guidelines" at:
https://developer.apple.com/icloud/documentation/data-storage/
To disable web storage backup to iCloud, set the BackupWebStorage preference to "local" in the Cordova config.xml file

2015-02-28 13:43:15.288 y[4448:132706] Resetting plugins due to page load.
2015-02-28 13:43:15.458 y[4448:132706] Finished load of: file:///Users/whfg/Library/Developer/CoreSimulator/Devices/CB8528C3-B607-47BC-828A-D8C8AACAEF11/data/Containers/Bundle/Application/11CB023A-2923-4B57-B923-BCD3F6CAD23C/y.app/www/index.html
2015-02-28 13:43:18.430 y[4448:132706] ERROR whitelist rejection: url='http://localhost:9292/jjjg.027xf.com/agency/show_by_name.json?utf8=%E2%9C%93&name=21'
2015-02-28 13:43:20.972 y[4448:132706] ERROR whitelist rejection: url='http://localhost:9292/jjjg.027xf.com/agency/show_by_name.json?utf8=%E2%9C%93&name=21'
2015-02-28 13:43:21.396 y[4448:132706] ERROR whitelist rejection: url='http://localhost:9292/jjjg.027xf.com/agency/show_by_name.json?utf8=%E2%9C%93&name=21'
2015-02-28 13:43:21.575 y[4448:132706] ERROR whitelist rejection: url='http://localhost:9292/jjjg.027xf.com/agency/show_by_name.json?utf8=%E2%9C%93&name=21'
2015-02-28 13:43:58.230 y[4629:133304] DiskCookieStorage changing policy from 2 to 0, cookie file: file:///Users/whfg/Library/Developer/CoreSimulator/Devices/CB8528C3-B607-47BC-828A-D8C8AACAEF11/data/Containers/Data/Application/BC0D8037-A3DF-44F7-A58A-973F4473B9E9/Library/Cookies/Cookies.binarycookies
2015-02-28 13:43:58.330 y[4629:133304] Apache Cordova native platform version 3.7.0 is starting.
2015-02-28 13:43:58.331 y[4629:133304] Multi-tasking -> Device: YES, App: YES
2015-02-28 13:43:58.334 y[4629:133304] 

Started backup to iCloud! Please be careful.
Your application might be rejected by Apple if you store too much data.
For more information please read "iOS Data Storage Guidelines" at:
https://developer.apple.com/icloud/documentation/data-storage/
To disable web storage backup to iCloud, set the BackupWebStorage preference to "local" in the Cordova config.xml file

2015-02-28 13:43:58.640 y[4629:133304] Resetting plugins due to page load.
2015-02-28 13:43:58.802 y[4629:133304] Finished load of: file:///Users/whfg/Library/Developer/CoreSimulator/Devices/CB8528C3-B607-47BC-828A-D8C8AACAEF11/data/Containers/Bundle/Application/4D53AA5B-5A10-495E-A1AF-0CED2DF7D8E7/y.app/www/index.html
2015-02-28 13:44:01.465 y[4629:133304] ERROR whitelist rejection: url='http://localhost:9292/jjjg.027xf.com/agency/show_by_name.json?utf8=%E2%9C%93&name=21'
2015-02-28 13:44:11.775 y[4629:133319] void SendDelegateMessage(NSInvocation *): delegate (webView:runJavaScriptAlertPanelWithMessage:initiatedByFrame:) failed to return after waiting 10 seconds. main run loop mode: kCFRunLoopDefaultMode
2015-02-28 13:44:32.888 y[4809:133892] DiskCookieStorage changing policy from 2 to 0, cookie file: file:///Users/whfg/Library/Developer/CoreSimulator/Devices/CB8528C3-B607-47BC-828A-D8C8AACAEF11/data/Containers/Data/Application/19EED9CB-73D3-4C6D-BFE0-F02281C0D723/Library/Cookies/Cookies.binarycookies
2015-02-28 13:44:33.006 y[4809:133892] Apache Cordova native platform version 3.7.0 is starting.
2015-02-28 13:44:33.007 y[4809:133892] Multi-tasking -> Device: YES, App: YES
2015-02-28 13:44:33.012 y[4809:133892] 

Started backup to iCloud! Please be careful.
Your application might be rejected by Apple if you store too much data.
For more information please read "iOS Data Storage Guidelines" at:
https://developer.apple.com/icloud/documentation/data-storage/
To disable web storage backup to iCloud, set the BackupWebStorage preference to "local" in the Cordova config.xml file

2015-02-28 13:44:33.312 y[4809:133892] Resetting plugins due to page load.
2015-02-28 13:44:33.488 y[4809:133892] Finished load of: file:///Users/whfg/Library/Developer/CoreSimulator/Devices/CB8528C3-B607-47BC-828A-D8C8AACAEF11/data/Containers/Bundle/Application/3871BAB5-ADAB-4322-B595-8F51AA271563/y.app/www/index.html
2015-02-28 13:44:36.073 y[4809:133892] ERROR whitelist rejection: url='http://jjjg.027xf.com/agency/show_by_name.json?utf8=%E2%9C%93&name=21'
2015-02-28 13:44:51.594 y[4809:133907] void SendDelegateMessage(NSInvocation *): delegate (webView:runJavaScriptAlertPanelWithMessage:initiatedByFrame:) failed to return after waiting 10 seconds. main run loop mode: kCFRunLoopDefaultMode
2015-02-28 13:45:30.353 y[4809:133892] ERROR whitelist rejection: url='http://jjjg.027xf.com/agency/show_by_name.json?utf8=%E2%9C%93&name=21'
2015-02-28 13:55:58.242 y[5012:136499] DiskCookieStorage changing policy from 2 to 0, cookie file: file:///Users/whfg/Library/Developer/CoreSimulator/Devices/CB8528C3-B607-47BC-828A-D8C8AACAEF11/data/Containers/Data/Application/6286D265-1B1A-4DF7-978D-862713E6E202/Library/Cookies/Cookies.binarycookies
2015-02-28 13:55:58.362 y[5012:136499] Apache Cordova native platform version 3.7.0 is starting.
2015-02-28 13:55:58.363 y[5012:136499] Multi-tasking -> Device: YES, App: YES
2015-02-28 13:55:58.367 y[5012:136499] 

Started backup to iCloud! Please be careful.
Your application might be rejected by Apple if you store too much data.
For more information please read "iOS Data Storage Guidelines" at:
https://developer.apple.com/icloud/documentation/data-storage/
To disable web storage backup to iCloud, set the BackupWebStorage preference to "local" in the Cordova config.xml file

2015-02-28 13:55:58.657 y[5012:136499] Resetting plugins due to page load.
2015-02-28 13:55:58.820 y[5012:136499] Finished load of: file:///Users/whfg/Library/Developer/CoreSimulator/Devices/CB8528C3-B607-47BC-828A-D8C8AACAEF11/data/Containers/Bundle/Application/83E0442F-DA93-47B7-9D6C-74066C59CF02/y.app/www/index.html
2015-02-28 13:56:02.173 y[5012:136499] ERROR whitelist rejection: url='http://jjjg.027xf.com/agency/show_by_name.json?utf8=%E2%9C%93&name=21'
2015-02-28 13:56:57.033 y[5196:137168] DiskCookieStorage changing policy from 2 to 0, cookie file: file:///Users/whfg/Library/Developer/CoreSimulator/Devices/CB8528C3-B607-47BC-828A-D8C8AACAEF11/data/Containers/Data/Application/E560311C-9EF1-45DE-AC2E-07EEA542989D/Library/Cookies/Cookies.binarycookies
2015-02-28 13:56:57.159 y[5196:137168] Apache Cordova native platform version 3.7.0 is starting.
2015-02-28 13:56:57.160 y[5196:137168] Multi-tasking -> Device: YES, App: YES
2015-02-28 13:56:57.162 y[5196:137168] Unlimited access to network resources
2015-02-28 13:56:57.164 y[5196:137168] 

Started backup to iCloud! Please be careful.
Your application might be rejected by Apple if you store too much data.
For more information please read "iOS Data Storage Guidelines" at:
https://developer.apple.com/icloud/documentation/data-storage/
To disable web storage backup to iCloud, set the BackupWebStorage preference to "local" in the Cordova config.xml file

2015-02-28 13:56:57.447 y[5196:137168] Resetting plugins due to page load.
2015-02-28 13:56:57.624 y[5196:137168] Finished load of: file:///Users/whfg/Library/Developer/CoreSimulator/Devices/CB8528C3-B607-47BC-828A-D8C8AACAEF11/data/Containers/Bundle/Application/FC8511C8-F690-455F-BC34-174AC2BB26BA/y.app/www/index.html
